[2025-08-24T23:24:43.048Z] P0.1.3: FAILED - Requires repo admin permissions
[2025-08-24T23:24:44.100Z] P0.1.4: SUCCESS - Dependabot configuration added
[2025-08-24T23:24:45.268Z] P0.1.5: SUCCESS - CodeQL workflow added
[2025-08-24T23:24:46.476Z] P0.2.4: SUCCESS - Storybook artifacts moved to .gitignore
[2025-08-24T23:24:47.643Z] P0.2.5: SUCCESS - FlowCanvas consolidated
[2025-08-24T23:24:59.458Z] P0.3.1: FAILED - Command failed: npm audit fix

[2025-08-24T23:25:07.786Z] P0.3.1: FAILED - Command failed: npm audit fix

[2025-08-24T23:25:16.416Z] P0.3.1: FAILED - Command failed: npm audit fix

[2025-08-24T23:25:24.707Z] P0.3.1: FAILED - Command failed: npm audit fix

[2025-08-24T23:25:31.731Z] P0.3.1: FAILED - Command failed: npm audit fix

[2025-08-24T23:25:39.173Z] P0.3.1: FAILED - Command failed: npm audit fix

[2025-08-24T23:25:46.781Z] P0.3.1: FAILED - Command failed: npm audit fix

[2025-08-24T23:25:54.125Z] P0.3.1: FAILED - Command failed: npm audit fix

[2025-08-24T23:26:01.421Z] P0.3.1: FAILED - Command failed: npm audit fix

[2025-08-24T23:26:09.136Z] P0.3.1: FAILED - Command failed: npm audit fix

[2025-08-24T23:26:17.318Z] P0.3.1: FAILED - Command failed: npm audit fix

[2025-08-24T23:26:25.806Z] P0.3.1: FAILED - Command failed: npm audit fix

[2025-08-24T23:26:33.027Z] P0.3.1: FAILED - Command failed: npm audit fix

[2025-08-24T23:26:40.247Z] P0.3.1: FAILED - Command failed: npm audit fix

[2025-08-24T23:26:47.481Z] P0.3.1: FAILED - Command failed: npm audit fix

[2025-08-24T23:26:54.569Z] P0.3.1: FAILED - Command failed: npm audit fix

[2025-08-24T23:27:01.866Z] P0.3.1: FAILED - Command failed: npm audit fix

[2025-08-24T23:27:09.194Z] P0.3.1: FAILED - Command failed: npm audit fix

[2025-08-24T23:27:16.141Z] P0.3.1: FAILED - Command failed: npm audit fix

[2025-08-24T23:27:23.139Z] P0.3.1: FAILED - Command failed: npm audit fix

[2025-08-24T23:27:30.085Z] P0.3.1: FAILED - Command failed: npm audit fix

[2025-08-24T23:27:37.123Z] P0.3.1: FAILED - Command failed: npm audit fix

[2025-08-24T23:27:44.076Z] P0.3.1: FAILED - Command failed: npm audit fix

[2025-08-24T23:27:51.160Z] P0.3.1: FAILED - Command failed: npm audit fix

[2025-08-24T23:27:58.253Z] P0.3.1: FAILED - Command failed: npm audit fix

[2025-08-24T23:28:05.446Z] P0.3.1: FAILED - Command failed: npm audit fix

[2025-08-24T23:28:13.155Z] P0.3.1: FAILED - Command failed: npm audit fix

[2025-08-24T23:28:20.970Z] P0.3.1: FAILED - Command failed: npm audit fix

[2025-08-24T23:28:28.354Z] P0.3.1: FAILED - Command failed: npm audit fix

[2025-08-24T23:28:35.789Z] P0.3.1: FAILED - Command failed: npm audit fix

[2025-08-24T23:28:43.434Z] P0.3.1: FAILED - Command failed: npm audit fix

[2025-08-24T23:28:51.104Z] P0.3.1: FAILED - Command failed: npm audit fix

[2025-08-24T23:28:58.424Z] P0.3.1: FAILED - Command failed: npm audit fix

[2025-08-24T23:29:05.305Z] P0.3.1: FAILED - Command failed: npm audit fix

[2025-08-24T23:29:12.134Z] P0.3.1: FAILED - Command failed: npm audit fix

[2025-08-24T23:29:19.092Z] P0.3.1: FAILED - Command failed: npm audit fix

[2025-08-24T23:29:27.168Z] P0.3.1: FAILED - Command failed: npm audit fix

[2025-08-24T23:29:34.776Z] P0.3.1: FAILED - Command failed: npm audit fix

[2025-08-24T23:29:41.817Z] P0.3.1: FAILED - Command failed: npm audit fix

[2025-08-24T23:29:49.315Z] P0.3.1: FAILED - Command failed: npm audit fix

[2025-08-24T23:30:03.223Z] P0.3.1: FAILED - Command failed: npm audit fix

[2025-08-24T23:30:10.257Z] P0.3.1: FAILED - Command failed: npm audit fix

[2025-08-24T23:30:17.216Z] P0.3.1: FAILED - Command failed: npm audit fix

[2025-08-24T23:30:24.436Z] P0.3.1: FAILED - Command failed: npm audit fix

[2025-08-24T23:30:32.018Z] P0.3.1: FAILED - Command failed: npm audit fix

[2025-08-24T23:30:39.623Z] P0.3.1: FAILED - Command failed: npm audit fix

